<?xml version="1.0" encoding="UTF-8"?>
<!-- Generated by org.testng.reporters.JUnitReportReporter -->
<testsuite ignored="0" hostname="Ferts_I" failures="0" tests="1" name="testing.Test_Selenium" time="3.462" errors="0" timestamp="27 jul. 2024 02:05:25 GMT" skipped="0">
  <testcase classname="testing.Test_Selenium" name="f" time="3.462"/>
</testsuite> <!-- testing.Test_Selenium -->
